2017-05-17 17:44:46  -> R, 147, HDSF19_20170517_1615_FJ.WPD, 0, 正确
2017-05-17 17:44:48  -> R, 146, HDSF19_20170517_1615_CFT.WPD, 0, 正确
2017-05-17 17:44:48  -> R, 147, HDSF19_20170517_1620_FJ.WPD, 0, 正确
2017-05-17 17:44:49  -> R, 146, HDSF19_20170517_1620_CFT.WPD, 0, 正确
2017-05-17 17:44:49  -> R, 145, HDSF19_20170517_1630_CDQ.WPD, 0, 正确
2017-05-17 17:44:49  -> R, 147, HDSF19_20170517_1625_FJ.WPD, 0, 正确
2017-05-17 17:44:51  -> R, 146, HDSF19_20170517_1625_CFT.WPD, 0, 正确
2017-05-17 17:44:51  -> R, 147, HDSF19_20170517_1630_FJ.WPD, 0, 正确
2017-05-17 17:44:52  -> R, 146, HDSF19_20170517_1630_CFT.WPD, 0, 正确
2017-05-17 17:44:53  -> R, 147, HDSF19_20170517_1635_FJ.WPD, 0, 正确
2017-05-17 17:44:54  -> R, 146, HDSF19_20170517_1635_CFT.WPD, 0, 正确
2017-05-17 17:44:54  -> R, 145, HDSF19_20170517_1645_CDQ.WPD, 0, 正确
2017-05-17 17:44:55  -> R, 147, HDSF19_20170517_1640_FJ.WPD, 0, 正确
2017-05-17 17:44:56  -> R, 146, HDSF19_20170517_1640_CFT.WPD, 0, 正确
2017-05-17 17:44:56  -> R, 147, HDSF19_20170517_1645_FJ.WPD, 0, 正确
2017-05-17 17:44:58  -> R, 146, HDSF19_20170517_1645_CFT.WPD, 0, 正确
2017-05-17 17:44:58  -> R, 147, HDSF19_20170517_1650_FJ.WPD, 0, 正确
2017-05-17 17:45:18  -> R, 146, HDSF19_20170517_1730_CFT.WPD, 0, 正确
2017-05-17 17:45:19  -> R, 147, HDSF19_20170517_1730_FJ.WPD, 0, 正确
2017-05-17 17:45:21  -> R, 147, HDSF19_20170517_1650_FJ.WPD, 0, 正确
2017-05-17 17:45:21  -> S, 147, HDSF19_20170517_1610_FJ.WPD, 0, 转发给调度
2017-05-17 17:45:22  -> S, 145, HDSF19_20170517_1615_CDQ.WPD, 0, 转发给调度
2017-05-17 17:45:22  -> S, 146, HDSF19_20170517_1605_CFT.WPD, 0, 转发给调度
2017-05-17 17:45:23  -> R, 146, HDSF19_20170517_1650_CFT.WPD, 0, 正确
2017-05-17 17:45:24  -> R, 145, HDSF19_20170517_1700_CDQ.WPD, 0, 正确
2017-05-17 17:45:24  -> R, 147, HDSF19_20170517_1655_FJ.WPD, 0, 正确
2017-05-17 17:45:26  -> S, 147, HDSF19_20170517_1605_FJ.WPD, 0, 转发给调度
2017-05-17 17:45:26  -> S, 146, HDSF19_20170517_1600_CFT.WPD, 0, 转发给调度
2017-05-17 17:45:27  -> R, 146, HDSF19_20170517_1655_CFT.WPD, 0, 正确
2017-05-17 17:45:28  -> R, 147, HDSF19_20170517_1700_FJ.WPD, 0, 正确
2017-05-17 17:45:30  -> S, 147, HDSF19_20170517_1600_FJ.WPD, 0, 转发给调度
2017-05-17 17:45:30  -> R, 146, HDSF19_20170517_1700_CFT.WPD, 0, 正确
2017-05-17 17:45:30  -> S, 146, HDSF19_20170517_1555_CFT.WPD, 0, 转发给调度
2017-05-17 17:45:31  -> R, 147, HDSF19_20170517_1705_FJ.WPD, 0, 正确
2017-05-17 17:45:33  -> R, 146, HDSF19_20170517_1705_CFT.WPD, 0, 正确
2017-05-17 17:45:34  -> R, 145, HDSF19_20170517_1715_CDQ.WPD, 0, 正确
2017-05-17 17:45:34  -> R, 147, HDSF19_20170517_1710_FJ.WPD, 0, 正确
2017-05-17 17:45:34  -> S, 147, HDSF19_20170517_1555_FJ.WPD, 0, 转发给调度
2017-05-17 17:45:35  -> S, 145, HDSF19_20170517_1600_CDQ.WPD, 0, 转发给调度
2017-05-17 17:45:35  -> S, 146, HDSF19_20170517_1550_CFT.WPD, 0, 转发给调度
2017-05-17 17:45:37  -> R, 146, HDSF19_20170517_1710_CFT.WPD, 0, 正确
2017-05-17 17:45:37  -> R, 147, HDSF19_20170517_1715_FJ.WPD, 0, 正确
2017-05-17 17:45:39  -> S, 147, HDSF19_20170517_1550_FJ.WPD, 0, 转发给调度
2017-05-17 17:45:39  -> S, 146, HDSF19_20170517_1545_CFT.WPD, 0, 转发给调度
2017-05-17 17:45:40  -> R, 146, HDSF19_20170517_1715_CFT.WPD, 0, 正确
2017-05-17 17:45:40  -> R, 147, HDSF19_20170517_1720_FJ.WPD, 0, 正确
2017-05-17 17:45:42  -> R, 146, HDSF19_20170517_1720_CFT.WPD, 0, 正确
2017-05-17 17:45:43  -> R, 145, HDSF19_20170517_1730_CDQ.WPD, 0, 正确
2017-05-17 17:45:43  -> S, 147, HDSF19_20170517_1545_FJ.WPD, 0, 转发给调度
2017-05-17 17:45:43  -> R, 147, HDSF19_20170517_1725_FJ.WPD, 0, 正确
2017-05-17 17:45:44  -> S, 146, HDSF19_20170517_1540_CFT.WPD, 0, 转发给调度
2017-05-17 17:45:45  -> R, 146, HDSF19_20170517_1725_CFT.WPD, 0, 正确
2017-05-17 17:45:47  -> S, 147, HDSF19_20170517_1540_FJ.WPD, 0, 转发给调度
2017-05-17 17:45:48  -> S, 145, HDSF19_20170517_1545_CDQ.WPD, 0, 转发给调度
2017-05-17 17:45:48  -> S, 146, HDSF19_20170517_1535_CFT.WPD, 0, 转发给调度
2017-05-17 17:45:52  -> S, 147, HDSF19_20170517_1535_FJ.WPD, 0, 转发给调度
2017-05-17 17:45:52  -> S, 146, HDSF19_20170517_1530_CFT.WPD, 0, 转发给调度
2017-05-17 17:45:56  -> S, 147, HDSF19_20170517_1530_FJ.WPD, 0, 转发给调度
2017-05-17 17:45:57  -> S, 146, HDSF19_20170517_1525_CFT.WPD, 0, 转发给调度
