2017-05-17 17:41:46  -> R, 147, HDSF19_20170517_0720_FJ.WPD, 0, 正确
2017-05-17 17:41:48  -> R, 146, HDSF19_20170517_0720_CFT.WPD, 0, 正确
2017-05-17 17:41:48  -> R, 145, HDSF19_20170517_0730_CDQ.WPD, 0, 正确
2017-05-17 17:41:49  -> R, 147, HDSF19_20170517_0725_FJ.WPD, 0, 正确
2017-05-17 17:41:50  -> R, 146, HDSF19_20170517_0725_CFT.WPD, 0, 正确
2017-05-17 17:41:50  -> R, 147, HDSF19_20170517_0730_FJ.WPD, 0, 正确
2017-05-17 17:41:51  -> R, 146, HDSF19_20170517_0730_CFT.WPD, 0, 正确
2017-05-17 17:41:52  -> R, 147, HDSF19_20170517_0735_FJ.WPD, 0, 正确
2017-05-17 17:41:53  -> R, 146, HDSF19_20170517_0735_CFT.WPD, 0, 正确
2017-05-17 17:41:53  -> R, 145, HDSF19_20170517_0745_CDQ.WPD, 0, 正确
2017-05-17 17:41:53  -> R, 147, HDSF19_20170517_0740_FJ.WPD, 0, 正确
2017-05-17 17:41:54  -> R, 146, HDSF19_20170517_0740_CFT.WPD, 0, 正确
2017-05-17 17:41:55  -> R, 147, HDSF19_20170517_0745_FJ.WPD, 0, 正确
2017-05-17 17:41:56  -> R, 146, HDSF19_20170517_0745_CFT.WPD, 0, 正确
2017-05-17 17:41:56  -> R, 147, HDSF19_20170517_0750_FJ.WPD, 0, 正确
2017-05-17 17:41:57  -> R, 146, HDSF19_20170517_0750_CFT.WPD, 0, 正确
2017-05-17 17:41:57  -> R, 145, HDSF19_20170517_0800_CDQ.WPD, 0, 正确
2017-05-17 17:41:58  -> R, 147, HDSF19_20170517_0755_FJ.WPD, 0, 正确
2017-05-17 17:41:59  -> R, 146, HDSF19_20170517_0755_CFT.WPD, 0, 正确
2017-05-17 17:41:59  -> R, 144, HDSF19_20170518_0000_DQ.WPD, 0, 正确
2017-05-17 17:42:00  -> R, 148, HDSF19_20170518_0000_NWP.WPD, 0, 正确
2017-05-17 17:42:06  -> R, 149, HDSF19_20170518_0000_JX.WPD, 0, 正确
2017-05-17 17:42:06  -> R, 147, HDSF19_20170517_0800_FJ.WPD, 0, 正确
2017-05-17 17:42:07  -> R, 146, HDSF19_20170517_0800_CFT.WPD, 0, 正确
2017-05-17 17:42:07  -> R, 147, HDSF19_20170517_0805_FJ.WPD, 0, 正确
2017-05-17 17:42:09  -> R, 146, HDSF19_20170517_0805_CFT.WPD, 0, 正确
2017-05-17 17:42:09  -> R, 145, HDSF19_20170517_0815_CDQ.WPD, 0, 正确
2017-05-17 17:42:09  -> R, 147, HDSF19_20170517_0810_FJ.WPD, 0, 正确
2017-05-17 17:42:11  -> R, 146, HDSF19_20170517_0810_CFT.WPD, 0, 正确
2017-05-17 17:42:11  -> R, 147, HDSF19_20170517_0815_FJ.WPD, 0, 正确
2017-05-17 17:42:12  -> R, 146, HDSF19_20170517_0815_CFT.WPD, 0, 正确
2017-05-17 17:42:13  -> R, 147, HDSF19_20170517_0820_FJ.WPD, 0, 正确
2017-05-17 17:42:14  -> R, 146, HDSF19_20170517_0820_CFT.WPD, 0, 正确
2017-05-17 17:42:14  -> R, 145, HDSF19_20170517_0830_CDQ.WPD, 0, 正确
2017-05-17 17:42:14  -> R, 147, HDSF19_20170517_0825_FJ.WPD, 0, 正确
2017-05-17 17:42:16  -> R, 146, HDSF19_20170517_0825_CFT.WPD, 0, 正确
2017-05-17 17:42:16  -> R, 147, HDSF19_20170517_0830_FJ.WPD, 0, 正确
2017-05-17 17:42:17  -> R, 146, HDSF19_20170517_0830_CFT.WPD, 0, 正确
2017-05-17 17:42:17  -> R, 147, HDSF19_20170517_0835_FJ.WPD, 0, 正确
2017-05-17 17:42:18  -> R, 146, HDSF19_20170517_0835_CFT.WPD, 0, 正确
2017-05-17 17:42:18  -> R, 145, HDSF19_20170517_0845_CDQ.WPD, 0, 正确
2017-05-17 17:42:19  -> R, 147, HDSF19_20170517_0840_FJ.WPD, 0, 正确
2017-05-17 17:42:20  -> R, 146, HDSF19_20170517_0840_CFT.WPD, 0, 正确
2017-05-17 17:42:20  -> R, 147, HDSF19_20170517_0845_FJ.WPD, 0, 正确
2017-05-17 17:42:21  -> R, 146, HDSF19_20170517_0845_CFT.WPD, 0, 正确
2017-05-17 17:42:22  -> R, 147, HDSF19_20170517_0850_FJ.WPD, 0, 正确
2017-05-17 17:42:23  -> R, 146, HDSF19_20170517_0850_CFT.WPD, 0, 正确
2017-05-17 17:42:23  -> R, 145, HDSF19_20170517_0900_CDQ.WPD, 0, 正确
2017-05-17 17:42:23  -> R, 147, HDSF19_20170517_0855_FJ.WPD, 0, 正确
2017-05-17 17:42:25  -> R, 146, HDSF19_20170517_0855_CFT.WPD, 0, 正确
2017-05-17 17:42:25  -> R, 147, HDSF19_20170517_0900_FJ.WPD, 0, 正确
2017-05-17 17:42:26  -> R, 146, HDSF19_20170517_0900_CFT.WPD, 0, 正确
2017-05-17 17:42:26  -> R, 147, HDSF19_20170517_0905_FJ.WPD, 0, 正确
2017-05-17 17:42:28  -> R, 146, HDSF19_20170517_0905_CFT.WPD, 0, 正确
2017-05-17 17:42:28  -> R, 145, HDSF19_20170517_0915_CDQ.WPD, 0, 正确
2017-05-17 17:42:28  -> R, 147, HDSF19_20170517_0910_FJ.WPD, 0, 正确
2017-05-17 17:42:29  -> R, 146, HDSF19_20170517_0910_CFT.WPD, 0, 正确
2017-05-17 17:42:30  -> R, 147, HDSF19_20170517_0915_FJ.WPD, 0, 正确
2017-05-17 17:42:31  -> R, 146, HDSF19_20170517_0915_CFT.WPD, 0, 正确
2017-05-17 17:42:31  -> R, 147, HDSF19_20170517_0920_FJ.WPD, 0, 正确
2017-05-17 17:42:32  -> R, 146, HDSF19_20170517_0920_CFT.WPD, 0, 正确
2017-05-17 17:42:32  -> R, 145, HDSF19_20170517_0930_CDQ.WPD, 0, 正确
2017-05-17 17:42:33  -> R, 147, HDSF19_20170517_0925_FJ.WPD, 0, 正确
2017-05-17 17:42:34  -> R, 146, HDSF19_20170517_0925_CFT.WPD, 0, 正确
2017-05-17 17:42:34  -> R, 147, HDSF19_20170517_0930_FJ.WPD, 0, 正确
2017-05-17 17:42:35  -> R, 146, HDSF19_20170517_0930_CFT.WPD, 0, 正确
2017-05-17 17:42:35  -> R, 147, HDSF19_20170517_0935_FJ.WPD, 0, 正确
2017-05-17 17:42:37  -> R, 146, HDSF19_20170517_0935_CFT.WPD, 0, 正确
2017-05-17 17:42:37  -> R, 145, HDSF19_20170517_0945_CDQ.WPD, 0, 正确
2017-05-17 17:42:37  -> R, 147, HDSF19_20170517_0940_FJ.WPD, 0, 正确
2017-05-17 17:42:38  -> R, 146, HDSF19_20170517_0940_CFT.WPD, 0, 正确
2017-05-17 17:42:39  -> R, 147, HDSF19_20170517_0945_FJ.WPD, 0, 正确
2017-05-17 17:42:40  -> R, 146, HDSF19_20170517_0945_CFT.WPD, 0, 正确
2017-05-17 17:42:40  -> R, 147, HDSF19_20170517_0950_FJ.WPD, 0, 正确
2017-05-17 17:42:41  -> R, 146, HDSF19_20170517_0950_CFT.WPD, 0, 正确
2017-05-17 17:42:41  -> R, 145, HDSF19_20170517_1000_CDQ.WPD, 0, 正确
2017-05-17 17:42:42  -> R, 147, HDSF19_20170517_0955_FJ.WPD, 0, 正确
2017-05-17 17:42:43  -> R, 146, HDSF19_20170517_0955_CFT.WPD, 0, 正确
2017-05-17 17:42:43  -> R, 147, HDSF19_20170517_1000_FJ.WPD, 0, 正确
