2017-05-17 17:53:17  -> S, 147, HDSF19_20170517_0830_FJ.WPD, 0, 转发给调度
2017-05-17 17:53:18  -> S, 146, HDSF19_20170517_0825_CFT.WPD, 0, 转发给调度
2017-05-17 17:53:22  -> S, 147, HDSF19_20170517_0825_FJ.WPD, 0, 转发给调度
2017-05-17 17:53:22  -> S, 145, HDSF19_20170517_0830_CDQ.WPD, 0, 转发给调度
2017-05-17 17:53:23  -> S, 146, HDSF19_20170517_0820_CFT.WPD, 0, 转发给调度
2017-05-17 17:53:27  -> S, 147, HDSF19_20170517_0820_FJ.WPD, 0, 转发给调度
2017-05-17 17:53:27  -> S, 146, HDSF19_20170517_0815_CFT.WPD, 0, 转发给调度
2017-05-17 17:53:31  -> R, 147, HDSF19_20170517_1740_FJ.WPD, 0, 正确
2017-05-17 17:53:31  -> S, 147, HDSF19_20170517_0815_FJ.WPD, 0, 转发给调度
2017-05-17 17:53:32  -> S, 146, HDSF19_20170517_0810_CFT.WPD, 0, 转发给调度
2017-05-17 17:53:34  -> R, 146, HDSF19_20170517_1740_CFT.WPD, 0, 正确
2017-05-17 17:53:36  -> S, 147, HDSF19_20170517_0810_FJ.WPD, 0, 转发给调度
2017-05-17 17:53:36  -> S, 145, HDSF19_20170517_0815_CDQ.WPD, 0, 转发给调度
2017-05-17 17:53:37  -> S, 146, HDSF19_20170517_0805_CFT.WPD, 0, 转发给调度
2017-05-17 17:53:41  -> S, 147, HDSF19_20170517_0805_FJ.WPD, 0, 转发给调度
2017-05-17 17:53:41  -> S, 146, HDSF19_20170517_0800_CFT.WPD, 0, 转发给调度
2017-05-17 17:53:45  -> S, 147, HDSF19_20170517_0800_FJ.WPD, 0, 转发给调度
2017-05-17 17:53:46  -> S, 149, HDSF19_20170518_0000_JX.WPD, 0, 转发给调度
2017-05-17 17:54:07  -> S, 148, HDSF19_20170518_0000_NWP.WPD, 0, 转发给调度
2017-05-17 17:54:09  -> S, 144, HDSF19_20170518_0000_DQ.WPD, 0, 转发给调度
2017-05-17 17:54:09  -> S, 146, HDSF19_20170517_0755_CFT.WPD, 0, 转发给调度
2017-05-17 17:54:14  -> S, 147, HDSF19_20170517_0755_FJ.WPD, 0, 转发给调度
2017-05-17 17:54:14  -> S, 145, HDSF19_20170517_0800_CDQ.WPD, 0, 转发给调度
