2017-05-17 17:48:04  -> S, 147, HDSF19_20170517_1305_FJ.WPD, 0, 转发给调度
2017-05-17 17:48:05  -> S, 146, HDSF19_20170517_1300_CFT.WPD, 0, 转发给调度
2017-05-17 17:48:09  -> S, 147, HDSF19_20170517_1300_FJ.WPD, 0, 转发给调度
2017-05-17 17:48:09  -> S, 146, HDSF19_20170517_1255_CFT.WPD, 0, 转发给调度
2017-05-17 17:48:13  -> S, 147, HDSF19_20170517_1255_FJ.WPD, 0, 转发给调度
2017-05-17 17:48:14  -> S, 145, HDSF19_20170517_1300_CDQ.WPD, 0, 转发给调度
2017-05-17 17:48:14  -> S, 146, HDSF19_20170517_1250_CFT.WPD, 0, 转发给调度
2017-05-17 17:48:18  -> S, 147, HDSF19_20170517_1250_FJ.WPD, 0, 转发给调度
2017-05-17 17:48:19  -> S, 146, HDSF19_20170517_1245_CFT.WPD, 0, 转发给调度
2017-05-17 17:48:23  -> S, 147, HDSF19_20170517_1245_FJ.WPD, 0, 转发给调度
2017-05-17 17:48:24  -> S, 146, HDSF19_20170517_1240_CFT.WPD, 0, 转发给调度
2017-05-17 17:48:28  -> S, 147, HDSF19_20170517_1240_FJ.WPD, 0, 转发给调度
2017-05-17 17:48:28  -> S, 145, HDSF19_20170517_1245_CDQ.WPD, 0, 转发给调度
2017-05-17 17:48:28  -> S, 146, HDSF19_20170517_1235_CFT.WPD, 0, 转发给调度
2017-05-17 17:48:29  -> R, 146, HDSF19_20170517_1735_CFT.WPD, 0, 正确
2017-05-17 17:48:30  -> R, 147, HDSF19_20170517_1735_FJ.WPD, 0, 正确
2017-05-17 17:48:33  -> S, 147, HDSF19_20170517_1235_FJ.WPD, 0, 转发给调度
2017-05-17 17:48:33  -> S, 146, HDSF19_20170517_1230_CFT.WPD, 0, 转发给调度
2017-05-17 17:48:37  -> S, 147, HDSF19_20170517_1230_FJ.WPD, 0, 转发给调度
2017-05-17 17:48:38  -> S, 146, HDSF19_20170517_1225_CFT.WPD, 0, 转发给调度
2017-05-17 17:49:00  -> S, 146, HDSF19_20170517_1630_CFT.WPD, 0, 转发给调度
2017-05-17 17:49:03  -> S, 147, HDSF19_20170517_1630_FJ.WPD, 0, 转发给调度
2017-05-17 17:49:04  -> S, 146, HDSF19_20170517_1625_CFT.WPD, 0, 转发给调度
2017-05-17 17:49:08  -> S, 147, HDSF19_20170517_1625_FJ.WPD, 0, 转发给调度
2017-05-17 17:49:08  -> S, 145, HDSF19_20170517_1630_CDQ.WPD, 0, 转发给调度
2017-05-17 17:49:08  -> S, 146, HDSF19_20170517_1620_CFT.WPD, 0, 转发给调度
2017-05-17 17:49:12  -> S, 147, HDSF19_20170517_1620_FJ.WPD, 0, 转发给调度
2017-05-17 17:49:12  -> S, 146, HDSF19_20170517_1615_CFT.WPD, 0, 转发给调度
2017-05-17 17:49:16  -> S, 147, HDSF19_20170517_1615_FJ.WPD, 0, 转发给调度
2017-05-17 17:49:16  -> S, 146, HDSF19_20170517_1610_CFT.WPD, 0, 转发给调度
2017-05-17 17:49:20  -> S, 147, HDSF19_20170517_1225_FJ.WPD, 0, 转发给调度
2017-05-17 17:49:21  -> S, 145, HDSF19_20170517_1230_CDQ.WPD, 0, 转发给调度
2017-05-17 17:49:21  -> S, 146, HDSF19_20170517_1220_CFT.WPD, 0, 转发给调度
2017-05-17 17:49:25  -> S, 147, HDSF19_20170517_1220_FJ.WPD, 0, 转发给调度
2017-05-17 17:49:25  -> S, 146, HDSF19_20170517_1215_CFT.WPD, 0, 转发给调度
2017-05-17 17:49:29  -> S, 147, HDSF19_20170517_1215_FJ.WPD, 0, 转发给调度
2017-05-17 17:49:30  -> S, 146, HDSF19_20170517_1210_CFT.WPD, 0, 转发给调度
2017-05-17 17:49:33  -> S, 147, HDSF19_20170517_1210_FJ.WPD, 0, 转发给调度
2017-05-17 17:49:34  -> S, 145, HDSF19_20170517_1215_CDQ.WPD, 0, 转发给调度
2017-05-17 17:49:34  -> S, 146, HDSF19_20170517_1205_CFT.WPD, 0, 转发给调度
2017-05-17 17:49:38  -> S, 147, HDSF19_20170517_1205_FJ.WPD, 0, 转发给调度
2017-05-17 17:49:38  -> S, 146, HDSF19_20170517_1200_CFT.WPD, 0, 转发给调度
2017-05-17 17:49:42  -> S, 147, HDSF19_20170517_1200_FJ.WPD, 0, 转发给调度
2017-05-17 17:49:42  -> S, 146, HDSF19_20170517_1155_CFT.WPD, 0, 转发给调度
2017-05-17 17:49:46  -> S, 147, HDSF19_20170517_1155_FJ.WPD, 0, 转发给调度
2017-05-17 17:49:47  -> S, 145, HDSF19_20170517_1200_CDQ.WPD, 0, 转发给调度
2017-05-17 17:49:47  -> S, 146, HDSF19_20170517_1150_CFT.WPD, 0, 转发给调度
