2017-06-25 12:25:03  -> 准处理日志记录完成。
2017-06-25 12:25:03  -> 清理旧日志文件结束。
2017-06-25 12:25:13  -> 准备往监控上传文件:命令为:ftpput -u tr -p tr 192.168.3.200 ./General_20170625_1225_LOG.log ./rundata/files/monitor_cache/General_20170625_1225_LOG.log
2017-06-25 12:25:13  -> 发送文件<./rundata/files/monitor_cache/General_20170625_1225_LOG.log>到监控后台成功
2017-06-25 12:25:13  -> 文件发送到监控成功<General_20170625_1225_LOG.log>
2017-06-25 12:25:13  -> 准备往监控上传文件:命令为:ftpput -u tr -p tr 192.168.3.200 ./FileTrans_20170625_1225_LOG.log ./rundata/files/monitor_cache/FileTrans_20170625_1225_LOG.log
2017-06-25 12:25:14  -> 发送文件<./rundata/files/monitor_cache/FileTrans_20170625_1225_LOG.log>到监控后台成功
2017-06-25 12:25:14  -> 文件发送到监控成功<FileTrans_20170625_1225_LOG.log>
2017-06-25 12:25:14  -> 准备往监控上传文件:命令为:ftpput -u tr -p tr 192.168.3.200 ./RawFrame_20170625_1225_LOG.log ./rundata/files/monitor_cache/RawFrame_20170625_1225_LOG.log
2017-06-25 12:25:14  -> 发送文件<./rundata/files/monitor_cache/RawFrame_20170625_1225_LOG.log>到监控后台成功
2017-06-25 12:25:14  -> 文件发送到监控成功<RawFrame_20170625_1225_LOG.log>
2017-06-25 12:25:54  -> 准备往监控上传文件:命令为:ftpput -u tr -p tr 192.168.3.200 ./HDSF19_20170625_1230_CDQ.WPD ./rundata/files/monitor_cache/HDSF19_20170625_1230_CDQ.WPD
2017-06-25 12:25:54  -> 发送文件<./rundata/files/monitor_cache/HDSF19_20170625_1230_CDQ.WPD>到监控后台成功
2017-06-25 12:25:54  -> 文件发送到监控成功<HDSF19_20170625_1230_CDQ.WPD>
2017-06-25 12:25:54  -> 到调度主机的网络不通，请检查！<ping 10.23.14.100>
2017-06-25 12:25:54  -> 到本机网卡<192.168.3.102>的网络工作正常！
2017-06-25 12:25:55  -> TotalLen of HDSF19_20170625_1230_CDQ.WPD is 679.
2017-06-25 12:25:55  -> 召唤2级数据
2017-06-25 12:25:55  -> 子站回复有数据上送
2017-06-25 12:25:55  -> 召唤2级数据
2017-06-25 12:25:55  -> 子站回复有数据上送
2017-06-25 12:25:55  -> 召唤1级数据
2017-06-25 12:25:55  -> 召唤1级数据
2017-06-25 12:25:55  -> 召唤1级数据
2017-06-25 12:25:55  -> 收到调度报文<文件传输正确结束：>
2017-06-25 12:25:55  -> Confirm Data Length=679, Send Length=0
2017-06-25 12:25:55  -> 文件名称有误<>
2017-06-25 12:25:56  -> TotalLen of HDSF19_20170625_1230_CDQ.WPD is 679.
2017-06-25 12:25:56  -> 召唤2级数据
2017-06-25 12:25:56  -> 子站回复有数据上送
2017-06-25 12:25:56  -> 召唤1级数据
2017-06-25 12:25:56  -> 召唤1级数据
2017-06-25 12:25:56  -> 收到调度报文<文件传输正确结束：HDSF19_20170625_1230_CDQ.WPD>
2017-06-25 12:25:56  -> Confirm Data Length=679, Send Length=679
2017-06-25 12:26:03  -> 准备处理日志记录。
